Mon Jul 13 14:35:27 2015 - *** Starting uWSGI 2.0.6 (32bit) on [Mon Jul 13 14:35:27 2015] ***
Mon Jul 13 14:35:27 2015 - compiled with version: 4.6.3 on 25 June 2015 10:28:14
Mon Jul 13 14:35:27 2015 - os: Linux-3.13.0-52-generic #86~precise1-Ubuntu SMP Tue May 5 18:08:42 UTC 2015
Mon Jul 13 14:35:27 2015 - nodename: xbin-G41MT-S2
Mon Jul 13 14:35:27 2015 - machine: i686
Mon Jul 13 14:35:27 2015 - clock source: unix
Mon Jul 13 14:35:27 2015 - detected number of CPU cores: 2
Mon Jul 13 14:35:27 2015 - current working directory: /home/xbin/dev/zzpython/mobile
Mon Jul 13 14:35:27 2015 - detected binary path: /usr/local/bin/uwsgi
Mon Jul 13 14:35:27 2015 - !!! no internal routing support, rebuild with pcre support !!!
Mon Jul 13 14:35:27 2015 - your processes number limit is 31858
Mon Jul 13 14:35:27 2015 - limiting address space of processes...
Mon Jul 13 14:35:27 2015 - your process address space limit is 524288000 bytes (500 MB)
Mon Jul 13 14:35:27 2015 - your memory page size is 4096 bytes
Mon Jul 13 14:35:27 2015 - detected max file descriptor number: 1024
Mon Jul 13 14:35:27 2015 - lock engine: pthread robust mutexes
Mon Jul 13 14:35:27 2015 - thunder lock: disabled (you can enable it with --thunder-lock)
Mon Jul 13 14:35:27 2015 - uwsgi socket 0 bound to TCP address :8005 fd 3
Mon Jul 13 14:35:27 2015 - Python version: 2.7.3 (default, Dec 18 2014, 19:15:23)  [GCC 4.6.3]
Mon Jul 13 14:35:27 2015 - Python main interpreter initialized at 0x971dd90
Mon Jul 13 14:35:27 2015 - python threads support enabled
Mon Jul 13 14:35:27 2015 - your server socket listen backlog is limited to 50 connections
Mon Jul 13 14:35:27 2015 - your mercy for graceful operations on workers is 60 seconds
Mon Jul 13 14:35:27 2015 - mapped 191964 bytes (187 KB) for 2 cores
Mon Jul 13 14:35:27 2015 - *** Operational MODE: preforking ***
Mon Jul 13 14:35:27 2015 - added ./ to pythonpath.
Mon Jul 13 14:35:28 2015 - WSGI app 0 (mountpoint='') ready in 1 seconds on interpreter 0x971dd90 pid: 8918 (default app)
Mon Jul 13 14:35:28 2015 - mountpoint  already configured. skip.
Mon Jul 13 14:35:28 2015 - *** uWSGI is running in multiple interpreter mode ***
Mon Jul 13 14:35:28 2015 - spawned uWSGI master process (pid: 8918)
Mon Jul 13 14:35:28 2015 - spawned uWSGI worker 1 (pid: 8919, cores: 1)
Mon Jul 13 14:35:28 2015 - spawned uWSGI worker 2 (pid: 8920, cores: 1)
Mon Jul 13 14:40:25 2015 - *** Starting uWSGI 2.0.6 (32bit) on [Mon Jul 13 14:40:25 2015] ***
Mon Jul 13 14:40:25 2015 - compiled with version: 4.6.3 on 25 June 2015 10:28:14
Mon Jul 13 14:40:25 2015 - os: Linux-3.13.0-52-generic #86~precise1-Ubuntu SMP Tue May 5 18:08:42 UTC 2015
Mon Jul 13 14:40:25 2015 - nodename: xbin-G41MT-S2
Mon Jul 13 14:40:25 2015 - machine: i686
Mon Jul 13 14:40:25 2015 - clock source: unix
Mon Jul 13 14:40:25 2015 - detected number of CPU cores: 2
Mon Jul 13 14:40:25 2015 - current working directory: /home/xbin/dev/zzpython/mobile
Mon Jul 13 14:40:25 2015 - detected binary path: /usr/local/bin/uwsgi
Mon Jul 13 14:40:25 2015 - !!! no internal routing support, rebuild with pcre support !!!
Mon Jul 13 14:40:25 2015 - your processes number limit is 31858
Mon Jul 13 14:40:25 2015 - limiting address space of processes...
Mon Jul 13 14:40:25 2015 - your process address space limit is 524288000 bytes (500 MB)
Mon Jul 13 14:40:25 2015 - your memory page size is 4096 bytes
Mon Jul 13 14:40:25 2015 - detected max file descriptor number: 1024
Mon Jul 13 14:40:25 2015 - lock engine: pthread robust mutexes
Mon Jul 13 14:40:25 2015 - thunder lock: disabled (you can enable it with --thunder-lock)
Mon Jul 13 14:40:25 2015 - uwsgi socket 0 bound to TCP address :8005 fd 3
Mon Jul 13 14:40:25 2015 - Python version: 2.7.3 (default, Dec 18 2014, 19:15:23)  [GCC 4.6.3]
Mon Jul 13 14:40:25 2015 - Python main interpreter initialized at 0x9039d90
Mon Jul 13 14:40:25 2015 - python threads support enabled
Mon Jul 13 14:40:25 2015 - your server socket listen backlog is limited to 50 connections
Mon Jul 13 14:40:25 2015 - your mercy for graceful operations on workers is 60 seconds
Mon Jul 13 14:40:25 2015 - mapped 191964 bytes (187 KB) for 2 cores
Mon Jul 13 14:40:25 2015 - *** Operational MODE: preforking ***
Mon Jul 13 14:40:25 2015 - added ./ to pythonpath.
Mon Jul 13 14:40:25 2015 - WSGI app 0 (mountpoint='') ready in 0 seconds on interpreter 0x9039d90 pid: 9225 (default app)
Mon Jul 13 14:40:25 2015 - mountpoint  already configured. skip.
Mon Jul 13 14:40:25 2015 - *** uWSGI is running in multiple interpreter mode ***
Mon Jul 13 14:40:25 2015 - spawned uWSGI master process (pid: 9225)
Mon Jul 13 14:40:25 2015 - spawned uWSGI worker 1 (pid: 9226, cores: 1)
Mon Jul 13 14:40:25 2015 - spawned uWSGI worker 2 (pid: 9227, cores: 1)
